  DrugStoreApp.cpp
  Prescription.cpp
  Service.cpp
  Tester.cpp
E:\Facultate\1st_Year\2nd_Semester\OOP\Lab6-7_DrugStore\DrugStoreApp\DrugStoreApp\Tester.cpp(62,35): warning C4101: 've': unreferenced local variable
E:\Facultate\1st_Year\2nd_Semester\OOP\Lab6-7_DrugStore\DrugStoreApp\DrugStoreApp\Tester.cpp(68,36): warning C4101: 've': unreferenced local variable
E:\Facultate\1st_Year\2nd_Semester\OOP\Lab6-7_DrugStore\DrugStoreApp\DrugStoreApp\Tester.cpp(74,36): warning C4101: 've': unreferenced local variable
E:\Facultate\1st_Year\2nd_Semester\OOP\Lab6-7_DrugStore\DrugStoreApp\DrugStoreApp\Tester.cpp(80,36): warning C4101: 've': unreferenced local variable
E:\Facultate\1st_Year\2nd_Semester\OOP\Lab6-7_DrugStore\DrugStoreApp\DrugStoreApp\Tester.cpp(90,36): warning C4101: 've': unreferenced local variable
E:\Facultate\1st_Year\2nd_Semester\OOP\Lab6-7_DrugStore\DrugStoreApp\DrugStoreApp\Tester.cpp(96,36): warning C4101: 've': unreferenced local variable
E:\Facultate\1st_Year\2nd_Semester\OOP\Lab6-7_DrugStore\DrugStoreApp\DrugStoreApp\Tester.cpp(102,36): warning C4101: 've': unreferenced local variable
E:\Facultate\1st_Year\2nd_Semester\OOP\Lab6-7_DrugStore\DrugStoreApp\DrugStoreApp\Tester.cpp(108,36): warning C4101: 've': unreferenced local variable
E:\Facultate\1st_Year\2nd_Semester\OOP\Lab6-7_DrugStore\DrugStoreApp\DrugStoreApp\Tester.cpp(139,30): warning C4101: 're': unreferenced local variable
E:\Facultate\1st_Year\2nd_Semester\OOP\Lab6-7_DrugStore\DrugStoreApp\DrugStoreApp\Tester.cpp(160,30): warning C4101: 're': unreferenced local variable
E:\Facultate\1st_Year\2nd_Semester\OOP\Lab6-7_DrugStore\DrugStoreApp\DrugStoreApp\Tester.cpp(170,30): warning C4101: 're': unreferenced local variable
E:\Facultate\1st_Year\2nd_Semester\OOP\Lab6-7_DrugStore\DrugStoreApp\DrugStoreApp\Tester.cpp(187,30): warning C4101: 're': unreferenced local variable
E:\Facultate\1st_Year\2nd_Semester\OOP\Lab6-7_DrugStore\DrugStoreApp\DrugStoreApp\Tester.cpp(203,30): warning C4101: 're': unreferenced local variable
E:\Facultate\1st_Year\2nd_Semester\OOP\Lab6-7_DrugStore\DrugStoreApp\DrugStoreApp\Tester.cpp(233,33): warning C4101: 'se': unreferenced local variable
E:\Facultate\1st_Year\2nd_Semester\OOP\Lab6-7_DrugStore\DrugStoreApp\DrugStoreApp\Tester.cpp(252,33): warning C4101: 'se': unreferenced local variable
E:\Facultate\1st_Year\2nd_Semester\OOP\Lab6-7_DrugStore\DrugStoreApp\DrugStoreApp\Tester.cpp(272,33): warning C4101: 'se': unreferenced local variable
E:\Facultate\1st_Year\2nd_Semester\OOP\Lab6-7_DrugStore\DrugStoreApp\DrugStoreApp\Tester.cpp(291,33): warning C4101: 'se': unreferenced local variable
E:\Facultate\1st_Year\2nd_Semester\OOP\Lab6-7_DrugStore\DrugStoreApp\DrugStoreApp\Tester.cpp(314,33): warning C4101: 'e': unreferenced local variable
E:\Facultate\1st_Year\2nd_Semester\OOP\Lab6-7_DrugStore\DrugStoreApp\DrugStoreApp\Tester.cpp(364,33): warning C4101: 'e': unreferenced local variable
  UI.cpp
  Generating code
  7 of 420 functions ( 1.7%) were compiled, the rest were copied from previous compilation.
    0 functions were new in current compilation
    1 functions had inline decision re-evaluated but remain unchanged
  Finished generating code
  DrugStoreApp.vcxproj -> E:\Facultate\1st_Year\2nd_Semester\OOP\Lab6-7_DrugStore\DrugStoreApp\x64\Release\DrugStoreApp.exe
