E:\Facultate\1st_Year\2nd_Semester\OOP\Lab10-11_DrugStore_GUI_Qt\DrugStore_Qt_GUI\x64\Debug\\Qt5Cored.dll
E:\Facultate\1st_Year\2nd_Semester\OOP\Lab10-11_DrugStore_GUI_Qt\DrugStore_Qt_GUI\x64\Debug\\Qt5Guid.dll
E:\Facultate\1st_Year\2nd_Semester\OOP\Lab10-11_DrugStore_GUI_Qt\DrugStore_Qt_GUI\x64\Debug\\Qt5Svgd.dll
E:\Facultate\1st_Year\2nd_Semester\OOP\Lab10-11_DrugStore_GUI_Qt\DrugStore_Qt_GUI\x64\Debug\\Qt5Widgetsd.dll
E:\Facultate\1st_Year\2nd_Semester\OOP\Lab10-11_DrugStore_GUI_Qt\DrugStore_Qt_GUI\x64\Debug\\libGLESv2d.dll
E:\Facultate\1st_Year\2nd_Semester\OOP\Lab10-11_DrugStore_GUI_Qt\DrugStore_Qt_GUI\x64\Debug\\libEGLd.dll
E:\Facultate\1st_Year\2nd_Semester\OOP\Lab10-11_DrugStore_GUI_Qt\DrugStore_Qt_GUI\x64\Debug\\D3Dcompiler_47.dll
E:\Facultate\1st_Year\2nd_Semester\OOP\Lab10-11_DrugStore_GUI_Qt\DrugStore_Qt_GUI\x64\Debug\\opengl32sw.dll
E:\Facultate\1st_Year\2nd_Semester\OOP\Lab10-11_DrugStore_GUI_Qt\DrugStore_Qt_GUI\x64\Debug\iconengines\qsvgicond.dll
E:\Facultate\1st_Year\2nd_Semester\OOP\Lab10-11_DrugStore_GUI_Qt\DrugStore_Qt_GUI\x64\Debug\imageformats\qgifd.dll
E:\Facultate\1st_Year\2nd_Semester\OOP\Lab10-11_DrugStore_GUI_Qt\DrugStore_Qt_GUI\x64\Debug\imageformats\qicnsd.dll
E:\Facultate\1st_Year\2nd_Semester\OOP\Lab10-11_DrugStore_GUI_Qt\DrugStore_Qt_GUI\x64\Debug\imageformats\qicod.dll
E:\Facultate\1st_Year\2nd_Semester\OOP\Lab10-11_DrugStore_GUI_Qt\DrugStore_Qt_GUI\x64\Debug\imageformats\qjpegd.dll
E:\Facultate\1st_Year\2nd_Semester\OOP\Lab10-11_DrugStore_GUI_Qt\DrugStore_Qt_GUI\x64\Debug\imageformats\qsvgd.dll
E:\Facultate\1st_Year\2nd_Semester\OOP\Lab10-11_DrugStore_GUI_Qt\DrugStore_Qt_GUI\x64\Debug\imageformats\qtgad.dll
E:\Facultate\1st_Year\2nd_Semester\OOP\Lab10-11_DrugStore_GUI_Qt\DrugStore_Qt_GUI\x64\Debug\imageformats\qtiffd.dll
E:\Facultate\1st_Year\2nd_Semester\OOP\Lab10-11_DrugStore_GUI_Qt\DrugStore_Qt_GUI\x64\Debug\imageformats\qwbmpd.dll
E:\Facultate\1st_Year\2nd_Semester\OOP\Lab10-11_DrugStore_GUI_Qt\DrugStore_Qt_GUI\x64\Debug\imageformats\qwebpd.dll
E:\Facultate\1st_Year\2nd_Semester\OOP\Lab10-11_DrugStore_GUI_Qt\DrugStore_Qt_GUI\x64\Debug\platforms\qwindowsd.dll
E:\Facultate\1st_Year\2nd_Semester\OOP\Lab10-11_DrugStore_GUI_Qt\DrugStore_Qt_GUI\x64\Debug\styles\qwindowsvistastyled.dll
E:\Facultate\1st_Year\2nd_Semester\OOP\Lab10-11_DrugStore_GUI_Qt\DrugStore_Qt_GUI\x64\Debug\translations\qt_ar.qm
E:\Facultate\1st_Year\2nd_Semester\OOP\Lab10-11_DrugStore_GUI_Qt\DrugStore_Qt_GUI\x64\Debug\translations\qtbase_ar.qm
E:\Facultate\1st_Year\2nd_Semester\OOP\Lab10-11_DrugStore_GUI_Qt\DrugStore_Qt_GUI\x64\Debug\translations\qt_bg.qm
E:\Facultate\1st_Year\2nd_Semester\OOP\Lab10-11_DrugStore_GUI_Qt\DrugStore_Qt_GUI\x64\Debug\translations\qtbase_bg.qm
E:\Facultate\1st_Year\2nd_Semester\OOP\Lab10-11_DrugStore_GUI_Qt\DrugStore_Qt_GUI\x64\Debug\translations\qt_ca.qm
E:\Facultate\1st_Year\2nd_Semester\OOP\Lab10-11_DrugStore_GUI_Qt\DrugStore_Qt_GUI\x64\Debug\translations\qtbase_ca.qm
E:\Facultate\1st_Year\2nd_Semester\OOP\Lab10-11_DrugStore_GUI_Qt\DrugStore_Qt_GUI\x64\Debug\translations\qt_cs.qm
E:\Facultate\1st_Year\2nd_Semester\OOP\Lab10-11_DrugStore_GUI_Qt\DrugStore_Qt_GUI\x64\Debug\translations\qtbase_cs.qm
E:\Facultate\1st_Year\2nd_Semester\OOP\Lab10-11_DrugStore_GUI_Qt\DrugStore_Qt_GUI\x64\Debug\translations\qt_da.qm
E:\Facultate\1st_Year\2nd_Semester\OOP\Lab10-11_DrugStore_GUI_Qt\DrugStore_Qt_GUI\x64\Debug\translations\qtbase_da.qm
E:\Facultate\1st_Year\2nd_Semester\OOP\Lab10-11_DrugStore_GUI_Qt\DrugStore_Qt_GUI\x64\Debug\translations\qt_de.qm
E:\Facultate\1st_Year\2nd_Semester\OOP\Lab10-11_DrugStore_GUI_Qt\DrugStore_Qt_GUI\x64\Debug\translations\qtbase_de.qm
E:\Facultate\1st_Year\2nd_Semester\OOP\Lab10-11_DrugStore_GUI_Qt\DrugStore_Qt_GUI\x64\Debug\translations\qt_en.qm
E:\Facultate\1st_Year\2nd_Semester\OOP\Lab10-11_DrugStore_GUI_Qt\DrugStore_Qt_GUI\x64\Debug\translations\qtbase_en.qm
E:\Facultate\1st_Year\2nd_Semester\OOP\Lab10-11_DrugStore_GUI_Qt\DrugStore_Qt_GUI\x64\Debug\translations\qt_es.qm
E:\Facultate\1st_Year\2nd_Semester\OOP\Lab10-11_DrugStore_GUI_Qt\DrugStore_Qt_GUI\x64\Debug\translations\qtbase_es.qm
E:\Facultate\1st_Year\2nd_Semester\OOP\Lab10-11_DrugStore_GUI_Qt\DrugStore_Qt_GUI\x64\Debug\translations\qt_fi.qm
E:\Facultate\1st_Year\2nd_Semester\OOP\Lab10-11_DrugStore_GUI_Qt\DrugStore_Qt_GUI\x64\Debug\translations\qtbase_fi.qm
E:\Facultate\1st_Year\2nd_Semester\OOP\Lab10-11_DrugStore_GUI_Qt\DrugStore_Qt_GUI\x64\Debug\translations\qt_fr.qm
E:\Facultate\1st_Year\2nd_Semester\OOP\Lab10-11_DrugStore_GUI_Qt\DrugStore_Qt_GUI\x64\Debug\translations\qtbase_fr.qm
E:\Facultate\1st_Year\2nd_Semester\OOP\Lab10-11_DrugStore_GUI_Qt\DrugStore_Qt_GUI\x64\Debug\translations\qt_gd.qm
E:\Facultate\1st_Year\2nd_Semester\OOP\Lab10-11_DrugStore_GUI_Qt\DrugStore_Qt_GUI\x64\Debug\translations\qtbase_gd.qm
E:\Facultate\1st_Year\2nd_Semester\OOP\Lab10-11_DrugStore_GUI_Qt\DrugStore_Qt_GUI\x64\Debug\translations\qt_he.qm
E:\Facultate\1st_Year\2nd_Semester\OOP\Lab10-11_DrugStore_GUI_Qt\DrugStore_Qt_GUI\x64\Debug\translations\qtbase_he.qm
E:\Facultate\1st_Year\2nd_Semester\OOP\Lab10-11_DrugStore_GUI_Qt\DrugStore_Qt_GUI\x64\Debug\translations\qt_hu.qm
E:\Facultate\1st_Year\2nd_Semester\OOP\Lab10-11_DrugStore_GUI_Qt\DrugStore_Qt_GUI\x64\Debug\translations\qtbase_hu.qm
E:\Facultate\1st_Year\2nd_Semester\OOP\Lab10-11_DrugStore_GUI_Qt\DrugStore_Qt_GUI\x64\Debug\translations\qt_it.qm
E:\Facultate\1st_Year\2nd_Semester\OOP\Lab10-11_DrugStore_GUI_Qt\DrugStore_Qt_GUI\x64\Debug\translations\qtbase_it.qm
E:\Facultate\1st_Year\2nd_Semester\OOP\Lab10-11_DrugStore_GUI_Qt\DrugStore_Qt_GUI\x64\Debug\translations\qt_ja.qm
E:\Facultate\1st_Year\2nd_Semester\OOP\Lab10-11_DrugStore_GUI_Qt\DrugStore_Qt_GUI\x64\Debug\translations\qtbase_ja.qm
E:\Facultate\1st_Year\2nd_Semester\OOP\Lab10-11_DrugStore_GUI_Qt\DrugStore_Qt_GUI\x64\Debug\translations\qt_ko.qm
E:\Facultate\1st_Year\2nd_Semester\OOP\Lab10-11_DrugStore_GUI_Qt\DrugStore_Qt_GUI\x64\Debug\translations\qtbase_ko.qm
E:\Facultate\1st_Year\2nd_Semester\OOP\Lab10-11_DrugStore_GUI_Qt\DrugStore_Qt_GUI\x64\Debug\translations\qt_lv.qm
E:\Facultate\1st_Year\2nd_Semester\OOP\Lab10-11_DrugStore_GUI_Qt\DrugStore_Qt_GUI\x64\Debug\translations\qtbase_lv.qm
E:\Facultate\1st_Year\2nd_Semester\OOP\Lab10-11_DrugStore_GUI_Qt\DrugStore_Qt_GUI\x64\Debug\translations\qt_pl.qm
E:\Facultate\1st_Year\2nd_Semester\OOP\Lab10-11_DrugStore_GUI_Qt\DrugStore_Qt_GUI\x64\Debug\translations\qtbase_pl.qm
E:\Facultate\1st_Year\2nd_Semester\OOP\Lab10-11_DrugStore_GUI_Qt\DrugStore_Qt_GUI\x64\Debug\translations\qt_ru.qm
E:\Facultate\1st_Year\2nd_Semester\OOP\Lab10-11_DrugStore_GUI_Qt\DrugStore_Qt_GUI\x64\Debug\translations\qtbase_ru.qm
E:\Facultate\1st_Year\2nd_Semester\OOP\Lab10-11_DrugStore_GUI_Qt\DrugStore_Qt_GUI\x64\Debug\translations\qt_sk.qm
E:\Facultate\1st_Year\2nd_Semester\OOP\Lab10-11_DrugStore_GUI_Qt\DrugStore_Qt_GUI\x64\Debug\translations\qtbase_sk.qm
E:\Facultate\1st_Year\2nd_Semester\OOP\Lab10-11_DrugStore_GUI_Qt\DrugStore_Qt_GUI\x64\Debug\translations\qt_tr.qm
E:\Facultate\1st_Year\2nd_Semester\OOP\Lab10-11_DrugStore_GUI_Qt\DrugStore_Qt_GUI\x64\Debug\translations\qtbase_tr.qm
E:\Facultate\1st_Year\2nd_Semester\OOP\Lab10-11_DrugStore_GUI_Qt\DrugStore_Qt_GUI\x64\Debug\translations\qt_uk.qm
E:\Facultate\1st_Year\2nd_Semester\OOP\Lab10-11_DrugStore_GUI_Qt\DrugStore_Qt_GUI\x64\Debug\translations\qtbase_uk.qm
E:\Facultate\1st_Year\2nd_Semester\OOP\Lab10-11_DrugStore_GUI_Qt\DrugStore_Qt_GUI\x64\Debug\translations\qt_zh_TW.qm
E:\Facultate\1st_Year\2nd_Semester\OOP\Lab10-11_DrugStore_GUI_Qt\DrugStore_Qt_GUI\x64\Debug\translations\qtbase_zh_TW.qm
