[2021-04-04 11:47:27] [info] Start Program:
Path:"E:\\Facultate\\1st_Year\\2nd_Semester\\OOP\\Lab6-7_DrugStore\\DrugStoreApp\\Debug\\DrugStoreApp.exe"
Arguments:
Working directory: "E:\\Facultate\\1st_Year\\2nd_Semester\\OOP\\Lab6-7_DrugStore\\DrugStoreApp"
Modules: Selected: E:\Facultate\1st_Year\2nd_Semester\OOP\Lab6-7_DrugStore\DrugStoreApp\x64\Debug\DrugStoreApp.exe Excluded: 
Sources: Selected: E:\Facultate\1st_Year\2nd_Semester\OOP\Lab6-7_DrugStore\DrugStoreApp\DrugStoreApp Excluded: 
Log Level: Normal
Cover Children: 0
Aggregate by file: 1
Continue after C++ exception: 0
Optimized build support: 0
Export: binary C:\Users\orasa\AppData\Local\Temp\w5tqujrs.rzk 
Input coverage: 
Unified diff: 
Excluded line regular expressions: 
Substitute pdb source paths: 

[2021-04-04 11:47:27] [info] ----------------------------------------------------
[2021-04-04 11:47:27] [info] Coverage binary generated in file: C:\Users\orasa\AppData\Local\Temp\w5tqujrs.rzk
[2021-04-04 11:47:27] [info] ----------------------------------------------------
[2021-04-04 11:47:27] [warning] No modules were selected. Please check the values of --modules and --excluded_modules.
You can try to remove all --modules and --excluded_modules and use --modules=E:\Facultate\1st_Year\2nd_Semester\OOP\Lab6-7_DrugStore\DrugStoreApp\Debug instead.
