e:\facultate\1st_year\2nd_semester\oop\lab6-7_drugstore\drugstoreapp\drugstoreapp\x64\debug\vc142.pdb
e:\facultate\1st_year\2nd_semester\oop\lab6-7_drugstore\drugstoreapp\drugstoreapp\x64\debug\vc142.idb
e:\facultate\1st_year\2nd_semester\oop\lab6-7_drugstore\drugstoreapp\drugstoreapp\x64\debug\validation.nativecodeanalysis.sarif
e:\facultate\1st_year\2nd_semester\oop\lab6-7_drugstore\drugstoreapp\drugstoreapp\x64\debug\validation.nativecodeanalysis.xml
e:\facultate\1st_year\2nd_semester\oop\lab6-7_drugstore\drugstoreapp\drugstoreapp\x64\debug\ui.nativecodeanalysis.sarif
e:\facultate\1st_year\2nd_semester\oop\lab6-7_drugstore\drugstoreapp\drugstoreapp\x64\debug\ui.nativecodeanalysis.xml
e:\facultate\1st_year\2nd_semester\oop\lab6-7_drugstore\drugstoreapp\drugstoreapp\x64\debug\tester.nativecodeanalysis.sarif
e:\facultate\1st_year\2nd_semester\oop\lab6-7_drugstore\drugstoreapp\drugstoreapp\x64\debug\tester.nativecodeanalysis.xml
e:\facultate\1st_year\2nd_semester\oop\lab6-7_drugstore\drugstoreapp\drugstoreapp\x64\debug\service.nativecodeanalysis.sarif
e:\facultate\1st_year\2nd_semester\oop\lab6-7_drugstore\drugstoreapp\drugstoreapp\x64\debug\service.nativecodeanalysis.xml
e:\facultate\1st_year\2nd_semester\oop\lab6-7_drugstore\drugstoreapp\drugstoreapp\x64\debug\repository.nativecodeanalysis.sarif
e:\facultate\1st_year\2nd_semester\oop\lab6-7_drugstore\drugstoreapp\drugstoreapp\x64\debug\repository.nativecodeanalysis.xml
e:\facultate\1st_year\2nd_semester\oop\lab6-7_drugstore\drugstoreapp\drugstoreapp\x64\debug\prescription.nativecodeanalysis.sarif
e:\facultate\1st_year\2nd_semester\oop\lab6-7_drugstore\drugstoreapp\drugstoreapp\x64\debug\prescription.nativecodeanalysis.xml
e:\facultate\1st_year\2nd_semester\oop\lab6-7_drugstore\drugstoreapp\drugstoreapp\x64\debug\error.nativecodeanalysis.sarif
e:\facultate\1st_year\2nd_semester\oop\lab6-7_drugstore\drugstoreapp\drugstoreapp\x64\debug\error.nativecodeanalysis.xml
e:\facultate\1st_year\2nd_semester\oop\lab6-7_drugstore\drugstoreapp\drugstoreapp\x64\debug\drugstoreapp.nativecodeanalysis.sarif
e:\facultate\1st_year\2nd_semester\oop\lab6-7_drugstore\drugstoreapp\drugstoreapp\x64\debug\drugstoreapp.nativecodeanalysis.xml
e:\facultate\1st_year\2nd_semester\oop\lab6-7_drugstore\drugstoreapp\drugstoreapp\x64\debug\drug.nativecodeanalysis.sarif
e:\facultate\1st_year\2nd_semester\oop\lab6-7_drugstore\drugstoreapp\drugstoreapp\x64\debug\drug.nativecodeanalysis.xml
e:\facultate\1st_year\2nd_semester\oop\lab6-7_drugstore\drugstoreapp\drugstoreapp\x64\debug\drug.obj
e:\facultate\1st_year\2nd_semester\oop\lab6-7_drugstore\drugstoreapp\drugstoreapp\x64\debug\drugstoreapp.obj
e:\facultate\1st_year\2nd_semester\oop\lab6-7_drugstore\drugstoreapp\drugstoreapp\x64\debug\error.obj
e:\facultate\1st_year\2nd_semester\oop\lab6-7_drugstore\drugstoreapp\drugstoreapp\x64\debug\prescription.obj
e:\facultate\1st_year\2nd_semester\oop\lab6-7_drugstore\drugstoreapp\drugstoreapp\x64\debug\repository.obj
e:\facultate\1st_year\2nd_semester\oop\lab6-7_drugstore\drugstoreapp\drugstoreapp\x64\debug\service.obj
e:\facultate\1st_year\2nd_semester\oop\lab6-7_drugstore\drugstoreapp\drugstoreapp\x64\debug\tester.obj
e:\facultate\1st_year\2nd_semester\oop\lab6-7_drugstore\drugstoreapp\drugstoreapp\x64\debug\ui.obj
e:\facultate\1st_year\2nd_semester\oop\lab6-7_drugstore\drugstoreapp\drugstoreapp\x64\debug\validation.obj
e:\facultate\1st_year\2nd_semester\oop\lab6-7_drugstore\drugstoreapp\drugstoreapp\x64\debug\producercount.nativecodeanalysis.sarif
e:\facultate\1st_year\2nd_semester\oop\lab6-7_drugstore\drugstoreapp\drugstoreapp\x64\debug\producercount.nativecodeanalysis.xml
e:\facultate\1st_year\2nd_semester\oop\lab6-7_drugstore\drugstoreapp\drugstoreapp\x64\debug\producercount.obj
e:\facultate\1st_year\2nd_semester\oop\lab6-7_drugstore\drugstoreapp\drugstoreapp\x64\debug\filerepository.nativecodeanalysis.xml
e:\facultate\1st_year\2nd_semester\oop\lab6-7_drugstore\drugstoreapp\drugstoreapp\x64\debug\filerepository.obj
e:\facultate\1st_year\2nd_semester\oop\lab6-7_drugstore\drugstoreapp\drugstoreapp\x64\debug\undoupdate.nativecodeanalysis.xml
e:\facultate\1st_year\2nd_semester\oop\lab6-7_drugstore\drugstoreapp\drugstoreapp\x64\debug\undodelete.nativecodeanalysis.xml
e:\facultate\1st_year\2nd_semester\oop\lab6-7_drugstore\drugstoreapp\drugstoreapp\x64\debug\undoadd.nativecodeanalysis.xml
e:\facultate\1st_year\2nd_semester\oop\lab6-7_drugstore\drugstoreapp\drugstoreapp\x64\debug\undoaction.nativecodeanalysis.xml
e:\facultate\1st_year\2nd_semester\oop\lab6-7_drugstore\drugstoreapp\drugstoreapp\x64\debug\undoaction.obj
e:\facultate\1st_year\2nd_semester\oop\lab6-7_drugstore\drugstoreapp\drugstoreapp\x64\debug\undoadd.obj
e:\facultate\1st_year\2nd_semester\oop\lab6-7_drugstore\drugstoreapp\drugstoreapp\x64\debug\undodelete.obj
e:\facultate\1st_year\2nd_semester\oop\lab6-7_drugstore\drugstoreapp\drugstoreapp\x64\debug\undoupdate.obj
e:\facultate\1st_year\2nd_semester\oop\lab6-7_drugstore\drugstoreapp\drugstoreapp\x64\debug\undoupdate.nativecodeanalysis.sarif
e:\facultate\1st_year\2nd_semester\oop\lab6-7_drugstore\drugstoreapp\drugstoreapp\x64\debug\undodelete.nativecodeanalysis.sarif
e:\facultate\1st_year\2nd_semester\oop\lab6-7_drugstore\drugstoreapp\drugstoreapp\x64\debug\undoadd.nativecodeanalysis.sarif
e:\facultate\1st_year\2nd_semester\oop\lab6-7_drugstore\drugstoreapp\drugstoreapp\x64\debug\filerepository.nativecodeanalysis.sarif
e:\facultate\1st_year\2nd_semester\oop\lab6-7_drugstore\drugstoreapp\drugstoreapp\x64\debug\memoryrepository.nativecodeanalysis.xml
e:\facultate\1st_year\2nd_semester\oop\lab6-7_drugstore\drugstoreapp\drugstoreapp\x64\debug\memoryrepository.obj
e:\facultate\1st_year\2nd_semester\oop\lab6-7_drugstore\drugstoreapp\drugstoreapp\x64\debug\chaoticrepository.nativecodeanalysis.xml
e:\facultate\1st_year\2nd_semester\oop\lab6-7_drugstore\drugstoreapp\drugstoreapp\x64\debug\chaoticrepository.obj
e:\facultate\1st_year\2nd_semester\oop\lab6-7_drugstore\drugstoreapp\drugstoreapp\x64\debug\prescription.obj.enc
e:\facultate\1st_year\2nd_semester\oop\lab6-7_drugstore\drugstoreapp\drugstoreapp\x64\debug\vc.nativecodeanalysis.all.xml
e:\facultate\1st_year\2nd_semester\oop\lab6-7_drugstore\drugstoreapp\x64\debug\drugstoreapp.pdb
e:\facultate\1st_year\2nd_semester\oop\lab6-7_drugstore\drugstoreapp\drugstoreapp\x64\debug\drugstoreapp.tlog\cl.command.1.tlog
e:\facultate\1st_year\2nd_semester\oop\lab6-7_drugstore\drugstoreapp\drugstoreapp\x64\debug\drugstoreapp.tlog\cl.read.1.tlog
e:\facultate\1st_year\2nd_semester\oop\lab6-7_drugstore\drugstoreapp\drugstoreapp\x64\debug\drugstoreapp.tlog\cl.write.1.tlog
e:\facultate\1st_year\2nd_semester\oop\lab6-7_drugstore\drugstoreapp\drugstoreapp\x64\debug\drugstoreapp.tlog\link-cvtres.read.1.tlog
e:\facultate\1st_year\2nd_semester\oop\lab6-7_drugstore\drugstoreapp\drugstoreapp\x64\debug\drugstoreapp.tlog\link-cvtres.write.1.tlog
e:\facultate\1st_year\2nd_semester\oop\lab6-7_drugstore\drugstoreapp\drugstoreapp\x64\debug\drugstoreapp.tlog\link-rc.read.1.tlog
e:\facultate\1st_year\2nd_semester\oop\lab6-7_drugstore\drugstoreapp\drugstoreapp\x64\debug\drugstoreapp.tlog\link-rc.write.1.tlog
e:\facultate\1st_year\2nd_semester\oop\lab6-7_drugstore\drugstoreapp\drugstoreapp\x64\debug\drugstoreapp.tlog\link.7796-cvtres.read.1.tlog
e:\facultate\1st_year\2nd_semester\oop\lab6-7_drugstore\drugstoreapp\drugstoreapp\x64\debug\drugstoreapp.tlog\link.7796-cvtres.write.1.tlog
e:\facultate\1st_year\2nd_semester\oop\lab6-7_drugstore\drugstoreapp\drugstoreapp\x64\debug\drugstoreapp.tlog\link.7796-rc.read.1.tlog
e:\facultate\1st_year\2nd_semester\oop\lab6-7_drugstore\drugstoreapp\drugstoreapp\x64\debug\drugstoreapp.tlog\link.7796-rc.write.1.tlog
e:\facultate\1st_year\2nd_semester\oop\lab6-7_drugstore\drugstoreapp\drugstoreapp\x64\debug\drugstoreapp.tlog\link.7796.read.1.tlog
e:\facultate\1st_year\2nd_semester\oop\lab6-7_drugstore\drugstoreapp\drugstoreapp\x64\debug\drugstoreapp.tlog\link.7796.write.1.tlog
e:\facultate\1st_year\2nd_semester\oop\lab6-7_drugstore\drugstoreapp\drugstoreapp\x64\debug\drugstoreapp.tlog\link.command.1.tlog
e:\facultate\1st_year\2nd_semester\oop\lab6-7_drugstore\drugstoreapp\drugstoreapp\x64\debug\drugstoreapp.tlog\link.read.1.tlog
e:\facultate\1st_year\2nd_semester\oop\lab6-7_drugstore\drugstoreapp\drugstoreapp\x64\debug\drugstoreapp.tlog\link.write.1.tlog
